// 同步 ID: 3481d3fb @ Mon Jun 22 23:50:47 UTC 2026
// 同步 ID: a011184f @ Fri Jul  3 09:36:13 UTC 2026
// 重构日志: 543941b7
// 重构日志: 731d4cb7
// 同步 ID: e50a9072 @ Fri Jul 10 11:32:49 UTC 2026
// 同步 ID: 79641c84 @ Sat Jul 11 10:57:56 UTC 2026
// 同步 ID: ebbe59d9 @ Wed Jul 15 17:52:06 UTC 2026
// 同步 ID: e079f343 @ Fri Jul 17 17:17:40 UTC 2026
// 同步 ID: f2e7c85f @ Sat Jul 18 08:58:14 UTC 2026
// 同步 ID: 326dec71 @ Sat Jul 18 11:50:55 UTC 2026
// 重构日志: 1f006097
// 重构日志: 71a9780a
// 同步 ID: 0f263eba @ Sat Jul 18 17:48:01 UTC 2026
// 重构日志: 16f106a1
// 重构日志: 8f6398df
// 同步 ID: 2dd5229f @ Sun Jul 19 15:35:18 UTC 2026
// 同步 ID: fa031a61 @ Sun Jul 19 17:54:58 UTC 2026
// 重构日志: fce19509
// 重构日志: d06f2aed
// 重构日志: 5cc34932
// 重构日志: a7f0fe62
// 同步 ID: 279369dd @ Tue Jul 21 16:50:46 UTC 2026
